therion 6.3.4 (2025-04-08)
  - using Proj 9.6.2, compiled against 9.6.2
checking optional fonts csr10 csti10 csbx10 csss10 csssi10 ... OK
checking optional fonts cmcyr10 cmcti10 cmcbx10 cmcss10 cmcssi10 ... OK
configuration file: /Users/martinkern/Documents/GitHub/Vanoise-Therion/datas/0_arcel1/arcel1_CONFIG1.thcfg
reading ... done
reading source files ... done
preprocessing database ... done
output coordinate system: UTM32
meridian convergence (deg): 1.579
geomag declinations (deg):
  2022.1.1  2.563
  2023.1.1  2.693
  2024.1.1  2.824
  2025.1.1  2.955
  2026.1.1  3.077
scanning centreline tree ... done
searching for centerline loops ... done
calculating station coordinates ... done
average loop error: 2.27%
calculating basic statistics ... done
processing extended elevation ... done
processing references ... done
selecting export objects ... done
processing projection extended ... done
average distortion: 0.90%


############### export maps & scraps selection #################
M        0 MC_arcelin_tot@Arcel1 ()
M        0 MC_amont24@amont24_tot.Arcel1 ()
S        0 SC_amont2024-1_1@amont24_tot.Arcel1 ()
S        0 SC_amont2024-1_3@amont24_tot.Arcel1 ()
S        0 SC_amont2024-1_4@amont24_tot.Arcel1 ()
S        0 SC_amont2024-2_1@amont24_tot.Arcel1 ()
S        0 SC_amont2024-2_2@amont24_tot.Arcel1 ()
S        0 SC1_amont2024-3@amont24_tot.Arcel1 ()
S        0 SC_amont2024-3_2@amont24_tot.Arcel1 ()
S        0 SC-amont2024-3_21@amont24_tot.Arcel1 ()
M        0 MC_2023@2023_tot.Arcel1 ()
S        0 SC-amont-2023-2@2023_tot.Arcel1 ()
S        0 SC-amont-2023-1@2023_tot.Arcel1 ()
S        0 arcel1_S1_C@2023_tot.Arcel1 ()
S        0 arcel1_S2_C@2023_tot.Arcel1 ()
S        0 arcel1_S3_C@2023_tot.Arcel1 ()
S        0 arcel1_S4_C@2023_tot.Arcel1 ()
S        0 arcel1_S5_C@2023_tot.Arcel1 ()
S        0 arcel1_S6_C@2023_tot.Arcel1 ()
S        0 arcel1_S7_C@2023_tot.Arcel1 ()
S        0 SC1_puits-remontant@2023_tot.Arcel1 ()
M        0 MC_pieuvre_PG-FM@pieuvre_PG-FM_tot.Arcel1 ()
S        0 pieuvre_PG-FM_SC1@pieuvre_PG-FM_tot.Arcel1 ()
M        0 MC_tube-de-prechauffage@tube-de-prechauffage_tot.Arcel1 ()
S        0 tube-de-prechauffage_SC1@tube-de-prechauffage_tot.Arcel1 ()
M        0 MC_pts_oublie@pts_oublie_tot.Arcel1 ()
S        0 pts-oublie_SC1@pts_oublie_tot.Arcel1 ()
M        0 MC_escalier@escalier_tot.Arcel1 ()
S        0 escalier_SC1@escalier_tot.Arcel1 ()
S        0 escalier_SC0@escalier_tot.Arcel1 ()
S        0 escalier_SC2@escalier_tot.Arcel1 ()
S        0 escalier_SC3@escalier_tot.Arcel1 ()
M        0 MC_pts-actif@pts-actif_tot.Arcel1 ()
S        0 SC1_pts-actif-1@pts-actif_tot.Arcel1 ()
S        0 SC1_pts-actif-2@pts-actif_tot.Arcel1 ()
M        0 MC_diaclase-boucle@diaclase-boucle_tot.Arcel1 ()
S        0 diaclase-boucle_SC1@diaclase-boucle_tot.Arcel1 ()
M        0 MC_diaclase_MK-SP@diaclase_MK-SP_tot.Arcel1 ()
S        0 diaclase_MK-SP_SC1@diaclase_MK-SP_tot.Arcel1 ()
M        0 MC_faille-fossile-riviere@faille-fossile-riviere_tot.Arcel1 (faille-fossile-riviere)
S        0 SC1_faille-fossile-riviere@faille-fossile-riviere_tot.Arcel1 ()
S        0 SC11_faille-fossile-riviere@faille-fossile-riviere_tot.Arcel1 ()
S        0 SC2_faille-fossile-riviere@faille-fossile-riviere_tot.Arcel1 ()
M        0 MC_amont-2025-2@amont-2025-2_tot.Arcel1 (amont-2025-2)
S        0 SC1_amont-2025-2@amont-2025-2_tot.Arcel1 ()
S        0 SC2_amont-2025-2@amont-2025-2_tot.Arcel1 ()
M        0 MC_amont-2025-1@amont-2025-1_tot.Arcel1 (amont-2025-1)
S        0 SC1_amont-2025-1@amont-2025-1_tot.Arcel1 ()
S        0 SC2_amont-2025-1@amont-2025-1_tot.Arcel1 ()
S        0 SC3_amont-2025-1@amont-2025-1_tot.Arcel1 ()
S        0 SC4_amont-2025-1@amont-2025-1_tot.Arcel1 ()
M        0 MC_aval-2025-2@aval-2025-2_tot.Arcel1 (aval-2025-2)
S        0 SC1_aval-2025-2@aval-2025-2_tot.Arcel1 ()
S        0 SC2_aval-2025-2@aval-2025-2_tot.Arcel1 ()
M        0 MC_aval-2025-1@aval-2025-1_tot.Arcel1 (aval-2025-1)
S        0 SC1_aval-2025-1@aval-2025-1_tot.Arcel1 ()
S        0 SC2_aval-2025-1@aval-2025-1_tot.Arcel1 ()
########## end of export maps & scraps selection ###############
writing /Users/martinkern/Documents/GitHub/Vanoise-Therion/datas/0_arcel1/exports/arcel1_coupe.pdf ...
####################### metapost log file ########################
This is MetaPost, version 2.11 (TeX Live 2025) (kpathsea version 6.4.1)  23 NOV 2025 18:24
**data.mp
(/usr/local/texlive/2025/texmf-dist/metapost/base/mpost.mp
(/usr/local/texlive/2025/texmf-dist/metapost/base/plain.mp
Preloading the plain mem file, version 1.005) ) (./data.mp
{randomseed:=42}
 [1] [2] [3] [4]
[5] [6] [7] [8] [9] [10] [11] [12] [13] [14]
Warning: patterncolor not supported in Therion [15] [16] [1] [2] [3] [4] [5]
[6] [7] [8] [9] [10] [11] [12] [13]
[Warning: scrap outline intersects itself in scrap SC_amont2024-2_2@amont24_tot
.Arcel1] [14] [15] [16] [17] [18] [19] [20] [21] [22] [23] [24]
[Warning: scrap outline intersects itself in scrap SC_amont2024-1_3@amont24_tot
.Arcel1] [25] [26] [27] [28] [29] [30] [31] [32] [33] [34] [35] [36] [37] [38]
[39] [40]
[Warning: scrap outline intersects itself in scrap arcel1_S6_C@2023_tot.Arcel1]
[41] [42] [43] [44] [45] [46] [47] [48] [49] [50] [51] [52] [53] [54] [55]
[56]
[Warning: scrap outline intersects itself in scrap arcel1_S2_C@2023_tot.Arcel1]
[57] [58] [59] [60] [61] [62] [63] [64] [65] [66] [67] [68] [69] [70] [71]
[72] [73] [74] [75] [76] [77] [78] [79] [80] [81] [82] [83]
[Warning: scrap outline intersects itself in scrap escalier_SC3@escalier_tot.Ar
cel1] [84] [85] [86] [87] [88] [89] [90] [91] [92] [93] [94] [95] [96] [97]
[98] [99] [100] [101] [102] [103] [104] [105] [106] [107] [108] [109] [110]
[111] [112]
[Warning: scrap outline intersects itself in scrap SC2_faille-fossile-riviere@f
aille-fossile-riviere_tot.Arcel1] [113] [114] [115] [116] [117] [118] [119]
[120] [121] [122] [123] [124] [125] [126] [127]
[Warning: scrap outline intersects itself in scrap SC1_amont-2025-2@amont-2025-
2_tot.Arcel1] [128] [129] [130] [131] [132] [133] [134] [135] [136] [137] [138]
[139] [140] [141] [142] [143]
[Warning: scrap outline intersects itself in scrap SC2_aval-2025-2@aval-2025-2_
tot.Arcel1] [144] [145] [146] [147] [148] [149] [150]
[Warning: scrap outline intersects itself in scrap SC2_aval-2025-2@aval-2025-2_
tot.Arcel1] [151] [152] [153] [154] [155] [156] [157] [158] [159]
(./mptextmp.mp) [160] (./mptextmp.mp) (./mptextmp.mp) (./mptextmp.mp)
(./mptextmp.mp) (./mptextmp.mp) (./mptextmp.mp) (./mptextmp.mp) [161] [162]
[163] [164] [165] [166] [167] [168] [169] [170] [171] [172] [173] [174] [175]
[176] [177] [178] [179] [180] [181] [182] [183] [184] [185] [186] [187] [188]
[189] [190] [191] [192] [193] [194] [195] [196] [197] [198] [199] [200] [201]
[202] [203] [204] [205] [206] [207] )
 
Here is how much of MetaPost's memory you used:
 81125 strings using 1960880 characters
 8277944 bytes of node memory
 1781 symbolic tokens
 11i,82n,16p,877b,5f stack positions out of 16i,98n,20p,950b,6f
223 output files written: data-patt.1 .. data.207


#################### end of metapost log file ####################
converting scraps ... done
making map ... done
######################## pdftex log file #########################
This is pdfTeX, Version 3.141592653-2.6-1.40.27 (TeX Live 2025) (preloaded format=pdftex 2025.9.6)  23 NOV 2025 18:24
entering extended mode
 restricted \write18 enabled.
 %&-line parsing enabled.
**data.tex
(./data.tex (./th_enc.tex) (./th_texts.tex) (./th_resources.tex
(/usr/local/texlive/2025/texmf-dist/tex/generic/pdftex/glyphtounicode.tex))
(./th_fontdef.tex{/usr/local/texlive/2025/texmf-var/fonts/map/pdftex/updmap/pdf
tex.map})
(./th_formdef.tex
Normal \count register pool exhausted, switching to extended pool.)
(./th_pagedef.tex (./th_legend.tex)) (./th_pages.tex)
 253 numeric registers used out of 32768
 [1] ) 
Here is how much of TeX's memory you used:
 731 strings out of 494562
 9226 string characters out of 6145052
 1643365 words of memory out of 5000000
 2400 multiletter control sequences out of 15000+600000
 21229 words of font info for 66 fonts, out of 8000000 for 9000
 1416 hyphenation exceptions out of 8191
 10i,5n,9p,1736b,75s stack positions out of 10000i,1000n,20000p,200000b,200000s
</usr/local/texlive/2025/texmf-dist/fonts/type1/public/amsfonts/cm/cmr10.
pfb></usr/local/texlive/2025/texmf-dist/fonts/type1/public/amsfonts/cm/cmss10.p
fb></usr/local/texlive/2025/texmf-dist/fonts/type1/public/amsfonts/cm/cmssi10.p
fb></usr/local/texlive/2025/texmf-dist/fonts/type1/public/cs/csss10.pfb></usr/l
ocal/texlive/2025/texmf-dist/fonts/type1/public/cs/csssi10.pfb>
Output written on data.pdf (1 page, 1309806 bytes).
PDF statistics:
 974 PDF objects out of 1000 (max. 8388607)
 490 compressed objects within 5 object streams
 0 named destinations out of 1000 (max. 500000)
 2819 words of extra memory for PDF output out of 10000 (max. 10000000)


##################### end of pdftex log file #####################
done


############### export maps & scraps selection #################
M        0 MC_arcelin_tot@Arcel1 ()
M        0 MC_amont24@amont24_tot.Arcel1 ()
S        0 SC_amont2024-1_1@amont24_tot.Arcel1 ()
S        0 SC_amont2024-1_3@amont24_tot.Arcel1 ()
S        0 SC_amont2024-1_4@amont24_tot.Arcel1 ()
S        0 SC_amont2024-2_1@amont24_tot.Arcel1 ()
S        0 SC_amont2024-2_2@amont24_tot.Arcel1 ()
S        0 SC1_amont2024-3@amont24_tot.Arcel1 ()
S        0 SC_amont2024-3_2@amont24_tot.Arcel1 ()
S        0 SC-amont2024-3_21@amont24_tot.Arcel1 ()
M        0 MC_2023@2023_tot.Arcel1 ()
S        0 SC-amont-2023-2@2023_tot.Arcel1 ()
S        0 SC-amont-2023-1@2023_tot.Arcel1 ()
S        0 arcel1_S1_C@2023_tot.Arcel1 ()
S        0 arcel1_S2_C@2023_tot.Arcel1 ()
S        0 arcel1_S3_C@2023_tot.Arcel1 ()
S        0 arcel1_S4_C@2023_tot.Arcel1 ()
S        0 arcel1_S5_C@2023_tot.Arcel1 ()
S        0 arcel1_S6_C@2023_tot.Arcel1 ()
S        0 arcel1_S7_C@2023_tot.Arcel1 ()
S        0 SC1_puits-remontant@2023_tot.Arcel1 ()
M        0 MC_pieuvre_PG-FM@pieuvre_PG-FM_tot.Arcel1 ()
S        0 pieuvre_PG-FM_SC1@pieuvre_PG-FM_tot.Arcel1 ()
M        0 MC_tube-de-prechauffage@tube-de-prechauffage_tot.Arcel1 ()
S        0 tube-de-prechauffage_SC1@tube-de-prechauffage_tot.Arcel1 ()
M        0 MC_pts_oublie@pts_oublie_tot.Arcel1 ()
S        0 pts-oublie_SC1@pts_oublie_tot.Arcel1 ()
M        0 MC_escalier@escalier_tot.Arcel1 ()
S        0 escalier_SC1@escalier_tot.Arcel1 ()
S        0 escalier_SC0@escalier_tot.Arcel1 ()
S        0 escalier_SC2@escalier_tot.Arcel1 ()
S        0 escalier_SC3@escalier_tot.Arcel1 ()
M        0 MC_pts-actif@pts-actif_tot.Arcel1 ()
S        0 SC1_pts-actif-1@pts-actif_tot.Arcel1 ()
S        0 SC1_pts-actif-2@pts-actif_tot.Arcel1 ()
M        0 MC_diaclase-boucle@diaclase-boucle_tot.Arcel1 ()
S        0 diaclase-boucle_SC1@diaclase-boucle_tot.Arcel1 ()
M        0 MC_diaclase_MK-SP@diaclase_MK-SP_tot.Arcel1 ()
S        0 diaclase_MK-SP_SC1@diaclase_MK-SP_tot.Arcel1 ()
M        0 MC_faille-fossile-riviere@faille-fossile-riviere_tot.Arcel1 (faille-fossile-riviere)
S        0 SC1_faille-fossile-riviere@faille-fossile-riviere_tot.Arcel1 ()
S        0 SC11_faille-fossile-riviere@faille-fossile-riviere_tot.Arcel1 ()
S        0 SC2_faille-fossile-riviere@faille-fossile-riviere_tot.Arcel1 ()
M        0 MC_amont-2025-2@amont-2025-2_tot.Arcel1 (amont-2025-2)
S        0 SC1_amont-2025-2@amont-2025-2_tot.Arcel1 ()
S        0 SC2_amont-2025-2@amont-2025-2_tot.Arcel1 ()
M        0 MC_amont-2025-1@amont-2025-1_tot.Arcel1 (amont-2025-1)
S        0 SC1_amont-2025-1@amont-2025-1_tot.Arcel1 ()
S        0 SC2_amont-2025-1@amont-2025-1_tot.Arcel1 ()
S        0 SC3_amont-2025-1@amont-2025-1_tot.Arcel1 ()
S        0 SC4_amont-2025-1@amont-2025-1_tot.Arcel1 ()
M        0 MC_aval-2025-2@aval-2025-2_tot.Arcel1 (aval-2025-2)
S        0 SC1_aval-2025-2@aval-2025-2_tot.Arcel1 ()
S        0 SC2_aval-2025-2@aval-2025-2_tot.Arcel1 ()
M        0 MC_aval-2025-1@aval-2025-1_tot.Arcel1 (aval-2025-1)
S        0 SC1_aval-2025-1@aval-2025-1_tot.Arcel1 ()
S        0 SC2_aval-2025-1@aval-2025-1_tot.Arcel1 ()
########## end of export maps & scraps selection ###############
writing /Users/martinkern/Documents/GitHub/Vanoise-Therion/datas/0_arcel1/exports/arcel1_coupe-travail.pdf ...
####################### metapost log file ########################
This is MetaPost, version 2.11 (TeX Live 2025) (kpathsea version 6.4.1)  23 NOV 2025 18:24
**data.mp
(/usr/local/texlive/2025/texmf-dist/metapost/base/mpost.mp
(/usr/local/texlive/2025/texmf-dist/metapost/base/plain.mp
Preloading the plain mem file, version 1.005) ) (./data.mp
{randomseed:=42}
 [1] [2] [3] [4]
[5] [6] [7] [8] [9] [10] [11] [12] [13] [14]
Warning: patterncolor not supported in Therion [15] [16] [1] [2] [3] [4] [5]
[6] [7] [8] [9] [10] [11] [12] [13]
[Warning: scrap outline intersects itself in scrap SC_amont2024-2_2@amont24_tot
.Arcel1] [14] [15] [16] [17] [18] [19] [20] [21] [22] [23] [24] [25]
[Warning: scrap outline intersects itself in scrap SC_amont2024-1_3@amont24_tot
.Arcel1] [26] [27] [28] [29] [30] [31] [32] [33] [34] [35] [36] [37] [38] [39]
[40] [41]
[Warning: scrap outline intersects itself in scrap arcel1_S6_C@2023_tot.Arcel1]
[42] [43] [44] [45] [46] [47] [48] [49] [50] [51] [52] [53] [54] [55] [56]
[57]
[Warning: scrap outline intersects itself in scrap arcel1_S2_C@2023_tot.Arcel1]
[58] [59] [60] [61] [62] [63] [64] [65] [66] [67] [68] [69] [70] [71] [72]
[73] [74] [75] [76] [77] [78] [79] [80] [81] [82] [83] [84] [85]
[Warning: scrap outline intersects itself in scrap escalier_SC3@escalier_tot.Ar
cel1] [86] [87] [88] [89] [90] [91] [92] [93] [94] [95] [96] [97] [98] [99]
[100] [101] [102] [103] [104] [105] [106] [107] [108] [109] [110] [111] [112]
[113] [114] [115] [116] [117]
[Warning: scrap outline intersects itself in scrap SC2_faille-fossile-riviere@f
aille-fossile-riviere_tot.Arcel1] [118] [119] [120] [121] [122] [123] [124]
[125] [126] [127] [128] [129] [130] [131] [132] [133]
[Warning: scrap outline intersects itself in scrap SC1_amont-2025-2@amont-2025-
2_tot.Arcel1] [134] [135] [136] [137] [138] [139] [140] [141] [142] [143] [144]
[145] [146] [147] [148] [149] [150] [151] [152] [153]
[Warning: scrap outline intersects itself in scrap SC2_aval-2025-2@aval-2025-2_
tot.Arcel1] [154] [155] [156] [157] [158] [159] [160]
[Warning: scrap outline intersects itself in scrap SC2_aval-2025-2@aval-2025-2_
tot.Arcel1] [161] [162] [163] [164] [165] [166] [167] [168] [169] [170]
(./mptextmp.mp) [171] (./mptextmp.mp) (./mptextmp.mp) (./mptextmp.mp)
(./mptextmp.mp) (./mptextmp.mp) (./mptextmp.mp) (./mptextmp.mp) [172] [173]
[174] [175] [176] [177] [178] [179] [180] [181] [182] [183] [184] [185] [186]
[187] [188] [189] [190] [191] [192] [193] [194] [195] [196] [197] [198] [199]
[200] [201] [202] [203] [204] [205] [206] [207] [208] [209] [210] [211] [212]
[213] [214] [215] [216] [217] [218] [219] [220] )
 
Here is how much of MetaPost's memory you used:
 161288 strings using 4249302 characters
 9125056 bytes of node memory
 1782 symbolic tokens
 11i,82n,16p,877b,5f stack positions out of 16i,98n,20p,950b,6f
236 output files written: data-patt.1 .. data.220


#################### end of metapost log file ####################
converting scraps ... done
making map ... done
######################## pdftex log file #########################
This is pdfTeX, Version 3.141592653-2.6-1.40.27 (TeX Live 2025) (preloaded format=pdftex 2025.9.6)  23 NOV 2025 18:24
entering extended mode
 restricted \write18 enabled.
 %&-line parsing enabled.
**data.tex
(./data.tex (./th_enc.tex) (./th_texts.tex) (./th_resources.tex
(/usr/local/texlive/2025/texmf-dist/tex/generic/pdftex/glyphtounicode.tex))
(./th_fontdef.tex{/usr/local/texlive/2025/texmf-var/fonts/map/pdftex/updmap/pdf
tex.map})
(./th_formdef.tex
Normal \count register pool exhausted, switching to extended pool.)
(./th_pagedef.tex (./th_legend.tex)) (./th_pages.tex)
 253 numeric registers used out of 32768
 [1] ) 
Here is how much of TeX's memory you used:
 744 strings out of 494562
 9356 string characters out of 6145052
 1654097 words of memory out of 5000000
 2413 multiletter control sequences out of 15000+600000
 21229 words of font info for 66 fonts, out of 8000000 for 9000
 1416 hyphenation exceptions out of 8191
 10i,5n,9p,1736b,75s stack positions out of 10000i,1000n,20000p,200000b,200000s
</usr/local/texlive/2025/texmf-dist/fonts/type1/public/amsfonts/cm/cmr10.
pfb></usr/local/texlive/2025/texmf-dist/fonts/type1/public/amsfonts/cm/cmss10.p
fb></usr/local/texlive/2025/texmf-dist/fonts/type1/public/amsfonts/cm/cmssi10.p
fb></usr/local/texlive/2025/texmf-dist/fonts/type1/public/cs/csss10.pfb></usr/l
ocal/texlive/2025/texmf-dist/fonts/type1/public/cs/csssi10.pfb>
Output written on data.pdf (1 page, 2941138 bytes).
PDF statistics:
 1001 PDF objects out of 1200 (max. 8388607)
 503 compressed objects within 6 object streams
 0 named destinations out of 1000 (max. 500000)
 2897 words of extra memory for PDF output out of 10000 (max. 10000000)


##################### end of pdftex log file #####################
done
compilation time: 9 sec


######################### loop errors ##########################
REL-ERR ABS-ERR TOTAL-L STS X-ERROR Y-ERROR Z-ERROR STATIONS
   7.7%    3.4m   45.0m  15    3.4m    0.1m    0.5m [27@frequence51.2023_tot.Arcel1 - 28 - PTR_2 - 2 - 4 - 5 - 6 - 16b - 17 - 18 - 19 - 20 - 21 - P - 26 - 27]
   6.9%    2.9m   42.4m   7    2.6m    0.7m   -1.2m [16@escalier.escalier_tot.Arcel1 - 16a - 16b - 16c - 13 - 14 - 15 - 16]
   5.7%    1.0m   17.7m   8   -0.7m   -0.7m    0.3m [26@pieuvre_PG-FM.pieuvre_PG-FM_tot.Arcel1 - 25 - 24 - 23 - 22 - 21 - 20 - 19 - 18 = 26]
   4.3%    0.9m   20.5m   7    0.4m   -0.7m   -0.4m [51-ptr-29@amont-2025-1.amont-2025-1_tot.Arcel1 - 54 - 55 - 56 - 57 - 53 - 52 - 51-ptr-29]
   1.4%    0.6m   41.1m  14    0.2m    0.3m    0.4m [47-ptr13@amont-2025-1.amont-2025-1_tot.Arcel1 - 97 - 96 - 95 - 94 - 93 - 92 - 91 - 90 - 89 - 88 - 87 - 49 - 48 - 47-ptr13]
   1.2%    1.2m  101.0m  24    0.2m   -0.6m   -1.0m [135@faille-fossile-riviere.faille-fossile-riviere_tot.Arcel1 - 136 - 137 - 138 - 139 - 140 - 107 - 108 - 109 - 110 - 111 - 112 - 113 - 114 - 115 - 116 - 117 - 118 - 119 - 130 - 131 - 132 - 133 - 134 - 135]
  0.79%    2.5m  321.8m  64    1.9m   -0.3m    1.6m [236@escalier.escalier_tot.Arcel1 - 235 - 234 - 233 - 23 - 22 - 21 - 20 - 199 - 19 - 18 - 17 - 16 - 15 - 14 - 13 - 12 - 11 - 10 - 9 - 8 - 7 - 6 - 5 - 4 - 3 - 3a - 3b - 3c = 15@amont2024-1.amont24_tot.Arcel1 - 14 - 13 - 12 - 11 - 10 - 9 - 8 - 7 - 6 - 5 - 4 - 3 - 2 - 1 - 0 = 40@amont.2023_tot.Arcel1 - 39 - 38 - 37 - 36 - 35 - 34 - 33 - 32 - 31 - 30 - 29 - 28 - 27 - 26 - 25 - 24 - 23 - 22 - 21 - 20 - 19 = 236@escalier.escalier_tot.Arcel1]
  0.62%    0.3m   47.6m  14    0.1m    0.1m    0.2m [39@amont2024-1.amont24_tot.Arcel1 - 38 - 37 - 36 - 35 - 34 - 33 - 32 - 31 - 30 - 29 - 28 - 27 - 26 - 25 = 39]
##################### end of loop errors #######################


###################### scrap distortions #######################
 PROJECTION: extended
 AVERAGE  MAXIMAL  SCRAP
   0.26%   1e+02%  SC1_amont-2025-2@amont-2025-2_tot.Arcel1
    3.2%   1e+02%  arcel1_S3_C@2023_tot.Arcel1
      1%   1e+02%  SC2_amont-2025-1@amont-2025-1_tot.Arcel1
   0.19%   1e+02%  pieuvre_PG-FM_SC1@pieuvre_PG-FM_tot.Arcel1
    8.1%   1e+02%  escalier_SC0@escalier_tot.Arcel1
      4%      76%  arcel1_S4_C@2023_tot.Arcel1
    1.4%      69%  SC_amont2024-3_2@amont24_tot.Arcel1
   0.63%      68%  escalier_SC1@escalier_tot.Arcel1
   0.36%      67%  arcel1_S1_C@2023_tot.Arcel1
    1.2%      63%  SC1_puits-remontant@2023_tot.Arcel1
    0.4%      61%  SC_amont2024-1_1@amont24_tot.Arcel1
   0.57%      59%  arcel1_S2_C@2023_tot.Arcel1
     16%      58%  arcel1_S6_C@2023_tot.Arcel1
   0.39%      57%  SC-amont-2023-2@2023_tot.Arcel1
   0.34%      56%  SC1_aval-2025-1@aval-2025-1_tot.Arcel1
    3.4%      55%  SC-amont2024-3_21@amont24_tot.Arcel1
     37%      54%  tube-de-prechauffage_SC1@tube-de-prechauffage_tot.Arcel1
     12%      48%  SC2_aval-2025-1@aval-2025-1_tot.Arcel1
   0.11%      48%  SC11_faille-fossile-riviere@faille-fossile-riviere_tot.Arcel1
   0.31%      43%  SC-amont-2023-1@2023_tot.Arcel1
   0.31%      42%  SC1_pts-actif-2@pts-actif_tot.Arcel1
  0.066%      39%  SC1_amont-2025-1@amont-2025-1_tot.Arcel1
  0.066%      35%  SC1_amont2024-3@amont24_tot.Arcel1
    1.6%      35%  SC1_pts-actif-1@pts-actif_tot.Arcel1
  0.032%      33%  SC_amont2024-2_1@amont24_tot.Arcel1
  0.033%      28%  SC_amont2024-2_2@amont24_tot.Arcel1
   0.24%      27%  SC_amont2024-1_3@amont24_tot.Arcel1
   0.94%      27%  arcel1_S5_C@2023_tot.Arcel1
  0.062%      17%  SC1_aval-2025-2@aval-2025-2_tot.Arcel1
    0.3%      16%  SC1_faille-fossile-riviere@faille-fossile-riviere_tot.Arcel1
   0.42%      12%  SC3_amont-2025-1@amont-2025-1_tot.Arcel1
  0.017%     8.7%  SC2_amont-2025-2@amont-2025-2_tot.Arcel1
   0.61%     8.6%  escalier_SC2@escalier_tot.Arcel1
  0.096%     6.5%  diaclase-boucle_SC1@diaclase-boucle_tot.Arcel1
   0.14%     1.6%  SC_amont2024-1_4@amont24_tot.Arcel1
 0.0081%   0.072%  escalier_SC3@escalier_tot.Arcel1
 0.0024%   0.056%  pts-oublie_SC1@pts_oublie_tot.Arcel1
 0.00088%   0.026%  SC2_aval-2025-2@aval-2025-2_tot.Arcel1
 0.0013%   0.016%  diaclase_MK-SP_SC1@diaclase_MK-SP_tot.Arcel1
 0.0022%   0.012%  SC2_faille-fossile-riviere@faille-fossile-riviere_tot.Arcel1
 0.0057%   0.012%  SC4_amont-2025-1@amont-2025-1_tot.Arcel1
 0.00064%  0.0071%  arcel1_S7_C@2023_tot.Arcel1
################### end of scrap distortions ###################

############# CRS transformations chosen by PROJ ###############
  Area of Use (AoU): (6.770, 45.365) (6.809, 45.382)
  [UTM32 → LONG-LAT] AoU: [yes] transformation: [Inverse of UTM zone 32N + axis order change (2D)] definition: [proj=pipeline step inv proj=utm zone=32 ellps=WGS84 step proj=unitconvert xy_in=rad xy_out=deg] accuracy: [0.000 m]
  [UTM32 → LAT-LONG] AoU: [no] transformation: [Inverse of UTM zone 32N + axis order change (2D)] definition: [proj=pipeline step inv proj=utm zone=32 ellps=WGS84 step proj=unitconvert xy_in=rad xy_out=deg] accuracy: [0.000 m]
  [UTM32 → UTM32] AoU: [yes] transformation: [Inverse of UTM zone 32N + UTM zone 32N] definition: [proj=noop ellps=GRS80] accuracy: [0.000 m]
  [UTM32 → EPSG:4326] AoU: [yes] transformation: [Inverse of UTM zone 32N + axis order change (2D)] definition: [proj=pipeline step inv proj=utm zone=32 ellps=WGS84 step proj=unitconvert xy_in=rad xy_out=deg] accuracy: [0.000 m]
  [EPSG:2154 → LAT-LONG] AoU: [no] transformation: [Inverse of Lambert-93 + RGF93 v1 to WGS 84 (1) + axis order change (2D)] definition: [proj=pipeline step inv proj=lcc lat_0=46.5 lon_0=3 lat_1=49 lat_2=44 x_0=700000 y_0=6600000 ellps=GRS80 step proj=unitconvert xy_in=rad xy_out=deg] accuracy: [1.000 m]
  [EPSG:2154 → UTM32] AoU: [yes] transformation: [Inverse of Lambert-93 + RGF93 v1 to WGS 84 (1) + UTM zone 32N] definition: [proj=pipeline step inv proj=lcc lat_0=46.5 lon_0=3 lat_1=49 lat_2=44 x_0=700000 y_0=6600000 ellps=GRS80 step proj=utm zone=32 ellps=WGS84] accuracy: [1.000 m]
  [EPSG:4326 → UTM32] AoU: [yes] transformation: [axis order change (2D) + UTM zone 32N] definition: [proj=pipeline step proj=unitconvert xy_in=deg xy_out=rad step proj=utm zone=32 ellps=WGS84] accuracy: [0.000 m]
########## end of CRS transformations chosen by PROJ ###########
