therion 6.2.1 (2024-03-20)
  - using Proj 9.3.1, compiled against 9.3.1
initialization file: C:\Program Files\Therion/therion.ini
reading ... done
configuration file: CONFIG1.thconfig
reading ... done
reading source files ... done
preprocessing database ... done
output coordinate system: UTM32
meridian convergence (deg): 1.5861
geomag declinations (deg):
  2022.1.1  2.6233
  2023.1.1  2.7838
  2024.1.1  2.9440
  2025.1.1  3.1041
scanning centreline tree ... done
searching for centerline loops ... done
calculating station coordinates ... done
average loop error: 2.32%
calculating basic statistics ... done
processing extended elevation ... done
processing references ... done
selecting export objects ... done
processing projection plan ... done
average distortion: 0.87%
C:\Program Files\Therion\therion.exe: warning --  [0] -- source layout not found -- text_scale


############### export maps & scraps selection #################
M  2576.56 MP_arcelin_tot@Arcel1 ()
M  2583.67 MP_escalier@escalier_tot.Arcel1 ()
S  2583.67 escalier_SP1@escalier_tot.Arcel1 ()
M  2547.00 MP_pieuvre_PG-FM@pieuvre_PG-FM_tot.Arcel1 ()
S  2552.12 pieuvre_PG-FM_SP1@pieuvre_PG-FM_tot.Arcel1 ()
S  2542.98 pieuvre_PG-FM_SP2@pieuvre_PG-FM_tot.Arcel1 ()
S  2545.89 pieuvre_PG-FM_SP3@pieuvre_PG-FM_tot.Arcel1 ()
M  2557.09 MP_2023@2023_tot.Arcel1 ()
S  2596.43 arcel1_S1_P@2023_tot.Arcel1 ()
S  2593.22 arcel1_S2_P@2023_tot.Arcel1 ()
S  2575.94 arcel1_S3_P@2023_tot.Arcel1 ()
S  2572.16 arcel1_S4_P@2023_tot.Arcel1 ()
S  2551.41 arcel1_S5_P@2023_tot.Arcel1 ()
S  2553.40 PR-amont23@2023_tot.Arcel1 ()
S  2561.31 amont23_SP1@2023_tot.Arcel1 ()
S  2545.53 SP1-puits_remontant@2023_tot.Arcel1 ()
S  2539.58 SP2_Frequence51@2023_tot.Arcel1 ()
S  2541.89 SP1_Frequence51@2023_tot.Arcel1 ()
S  2549.41 SP-jonction-1@2023_tot.Arcel1 ()
S  2535.11 SP-jonction-2@2023_tot.Arcel1 ()
S  2526.79 SP-jonction-3@2023_tot.Arcel1 ()
M  2558.88 MP_tube-de-prechauffage@tube-de-prechauffage_tot.Arcel1 ()
S  2558.88 tube-de-prechauffage_SP1@tube-de-prechauffage_tot.Arcel1 ()
M  2574.65 MP_pts_oublie@pts_oublie_tot.Arcel1 ()
S  2574.65 pts_oublie_SP1@pts_oublie_tot.Arcel1 ()
M  2615.65 MP_diaclase_MK-SP@diaclase_MK-SP_tot.Arcel1 ()
S  2615.65 diaclase_MK-SP_SP1@diaclase_MK-SP_tot.Arcel1 ()
M  2600.78 MP_amont24@amont24_tot.Arcel1 ()
S  2565.22 SP_amont2024-1_1@amont24_tot.Arcel1 ()
S  2584.15 SP_amont2024-1_2@amont24_tot.Arcel1 ()
S  2581.42 SP_amont2024-1_3@amont24_tot.Arcel1 ()
S  2597.78 SP_amont2024-1_4@amont24_tot.Arcel1 ()
S  2602.43 SP_amont2024-2_1@amont24_tot.Arcel1 ()
S  2613.27 SP_amont2024-2_2@amont24_tot.Arcel1 ()
S  2616.06 SP_amont2024-3_1@amont24_tot.Arcel1 ()
S  2645.90 SP_amont2024-3_2@amont24_tot.Arcel1 ()
M  2578.56 MP_pts-actif@pts-actif_tot.Arcel1 ()
S  2587.33 SP_pts_actif_1_1@pts-actif_tot.Arcel1 ()
S  2569.80 SP_pts_actif_2_1@pts-actif_tot.Arcel1 ()
M  2572.73 MP_diaclase-boucle@diaclase-boucle_tot.Arcel1 ()
S  2572.73 diaclase-boucle_SP1@diaclase-boucle_tot.Arcel1 ()
########## end of export maps & scraps selection ###############
writing Exports/arcel1-entree_plan.pdf ...
processing projection none ... done
####################### metapost log file ########################
This is MetaPost, version 2.01 (TeX Live 2021/W32TeX) (kpathsea version 6.3.3)  11 FEB 2025 20:55
**data.mp
(c:/Program Files/Therion/texmf/mpost/mpost.mp
(c:/Program Files/Therion/texmf/mpost/plain.mp
Preloading the plain mem file, version 1.005) ) (./data.mp
{randomseed:=42}
 [1] [2] [3] [4]
[5] [6] [7] [8] [9] [10] [11] [12] [13] [14]
[15]
Warning: patterncolor not supported in Therion [16] [1] [2] [3] [4] [5] [6]
[7] [8] [9] [10] [11] [12] [13]
[Warning: scrap outline intersects itself in scrap pieuvre_PG-FM_SP1@pieuvre_PG
-FM_tot.Arcel1] [14] [15] [16] [17] [18] [19] [20] [21] [22] [23] [24] [25]
[26] [27] [28]
[Warning: scrap outline intersects itself in scrap SP1_Frequence51@2023_tot.Arc
el1] [29] [30] [31] [32] [33] [34] [35] [36] [37] [38] [39] [40] [41] [42]
[Warning: text scaled down to fit the path in scrap amont23_SP1@2023_tot.Arcel1
] [43] [44] [45] [46] [47] [48] [49] [50] [51] [52]
[Warning: scrap outline intersects itself in scrap arcel1_S4_P@2023_tot.Arcel1]
[53] [54] [55] [56]
[Warning: scrap outline intersects itself in scrap arcel1_S3_P@2023_tot.Arcel1]
[57] [58] [59] [60] [61] [62] [63] [64] [65] [66] [67]
[Warning: scrap outline intersects itself in scrap tube-de-prechauffage_SP1@tub
e-de-prechauffage_tot.Arcel1] [68] [69]
[Warning: text scaled down to fit the path in scrap tube-de-prechauffage_SP1@tu
be-de-prechauffage_tot.Arcel1] [70]
[Warning: scrap outline intersects itself in scrap tube-de-prechauffage_SP1@tub
e-de-prechauffage_tot.Arcel1] [71] [72] [73] [74] [75] [76]
[Warning: scrap outline intersects itself in scrap diaclase_MK-SP_SP1@diaclase_
MK-SP_tot.Arcel1] [77] [78] [79] [80] [81] [82] [83] [84] [85] [86] [87] [88]
[89] [90] [91] [92] [93] [94] [95] [96] [97] [98] [99] [100] [101] [102] [103]
[104] [105] [106] [107] [108] [109] [110] [111]
[Warning: scrap outline intersects itself in scrap SP_pts_actif_2_1@pts-actif_t
ot.Arcel1] [112] [113] [114] [115] [116] [117] [118] [119] [120] [121]
(./mptextmp.mp) [122] (./mptextmp.mp) (./mptextmp.mp) (./mptextmp.mp)
(./mptextmp.mp) (./mptextmp.mp) (./mptextmp.mp) (./mptextmp.mp) [123] [124]
[125] [126] [127] [128] [129] [130] [131] [132] [133] [134] [135] [136] [137]
[138] [139] [140] [141] [142] [143] [144] [145] [146] [147] [148] [149] [150]
[151] [152] [153] [154] [155] [156] [157] [158] [159] [160] )
 
Here is how much of MetaPost's memory you used:
 68098 strings using 1627783 characters
 4579944 bytes of node memory
 1776 symbolic tokens
 11i,82n,16p,984b,5f stack positions out of 16i,98n,20p,1187b,6f
176 output files written: data-patt.1 .. data.160


#################### end of metapost log file ####################
converting scraps ... done
making map ... done
######################## pdftex log file #########################
This is pdfTeX, Version 3.141592653-2.6-1.40.22 (TeX Live 2021/W32TeX) (preloaded format=pdfetex 2023.12.2)  11 FEB 2025 20:55
entering extended mode
**data.tex
(./data.tex (./th_enc.tex) (./th_texts.tex) (./th_resources.tex
(c:/Program Files/Therion/texmf/tex/glyphtounicode.tex)) (./th_fontdef.tex{c:/P
rogram Files/Therion/texmf/fonts/pdftex.map})
(./th_formdef.tex
Normal \count register pool exhausted, switching to extended pool.)
(./th_pagedef.tex (./th_legend.tex)) (./th_pages.tex)
 253 numeric registers used out of 32768
 [1] ) 
Here is how much of TeX's memory you used:
 619 strings out of 95671
 7821 string characters out of 1192323
 113014 words of memory out of 1591057
 2012 multiletter control sequences out of 15000+50000
 21229 words of font info for 66 fonts, out of 1000000 for 2000
 844 hyphenation exceptions out of 5000
 10i,5n,9p,1544b,75s stack positions out of 5000i,500n,10000p,200000b,50000s
<c:/Program Files/Therion/texmf/fonts/type1/cmss10.pfb><c:/Program Files/
Therion/texmf/fonts/type1/cmssi10.pfb><c:/Program Files/Therion/texmf/fonts/typ
e1/cmti10.pfb><c:/Program Files/Therion/texmf/fonts/type1/csss10.pfb><c:/Progra
m Files/Therion/texmf/fonts/type1/csssi10.pfb>
Output written on data.pdf (1 page, 906909 bytes).
PDF statistics:
 746 PDF objects out of 1000 (max. 8388607)
 376 compressed objects within 4 object streams
 0 named destinations out of 1000 (max. 500000)
 2139 words of extra memory for PDF output out of 10000 (max. 10000000)


##################### end of pdftex log file #####################
done
writing xtherion file ... done
compilation time: 5 sec


######################### loop errors ##########################
REL-ERR ABS-ERR TOTAL-L STS X-ERROR Y-ERROR Z-ERROR STATIONS
  7.66%    3.4m   45.0m  15    3.4m    0.1m    0.5m [27@frequence51.2023_tot.Arcel1 - 28 - PTR_2 - 2 - 4 - 5 - 6 - 16b - 17 - 18 - 19 - 20 - 21 - P - 26 - 27]
  6.88%    2.9m   42.4m   7    2.6m    0.7m   -1.2m [16@escalier.escalier_tot.Arcel1 - 16a - 16b - 16c - 13 - 14 - 15 - 16]
  5.74%    1.0m   17.7m   8    0.7m    0.7m   -0.3m [21@pieuvre_PG-FM.pieuvre_PG-FM_tot.Arcel1 - 22 - 23 - 24 - 25 - 26 = 18 - 19 - 20 - 21]
  2.02%    4.9m  243.7m  58   -0.6m   -4.5m    1.9m [0@puits-remontant.2023_tot.Arcel1 - 1 - 2 - 3 - 4 - 5 - 6 - 7 = 21.3@pieuvre_PG-FM.pieuvre_PG-FM_tot.Arcel1 - 21.2 - 21.1 - 21 - 20 - 19 - 18 - 17 - 16 - 15 - 14 - 13 - 12 - 11 - 10 - 9 - 8 - 7 - 6 - 5 - 4 - 3 - 2 - 1 - 0 = 19@amont.2023_tot.Arcel1 - 18 - 17 - 16 - 15 - 14 - 13 - 12 - 11 - 10 - 9 - 8 - 7 - 6 - 5 - 4 - 3 - 2 - 1 - 0 = 53@frequence51.2023_tot.Arcel1 - 52 - 51 - 50 - 49 - 48 - 47 - 44 - 43 = 0@puits-remontant.2023_tot.Arcel1]
  0.79%    2.5m  321.8m  64    1.9m   -0.2m    1.6m [236@escalier.escalier_tot.Arcel1 - 235 - 234 - 233 - 23 - 22 - 21 - 20 - 199 - 19 - 18 - 17 - 16 - 15 - 14 - 13 - 12 - 11 - 10 - 9 - 8 - 7 - 6 - 5 - 4 - 3 - 3a - 3b - 3c = 15@amont2024-1.amont24_tot.Arcel1 - 14 - 13 - 12 - 11 - 10 - 9 - 8 - 7 - 6 - 5 - 4 - 3 - 2 - 1 - 0 = 40@amont.2023_tot.Arcel1 - 39 - 38 - 37 - 36 - 35 - 34 - 33 - 32 - 31 - 30 - 29 - 28 - 27 - 26 - 25 - 24 - 23 - 22 - 21 - 20 - 19 = 236@escalier.escalier_tot.Arcel1]
  0.62%    0.3m   47.6m  14    0.1m    0.1m    0.2m [39@amont2024-1.amont24_tot.Arcel1 - 38 - 37 - 36 - 35 - 34 - 33 - 32 - 31 - 30 - 29 - 28 - 27 - 26 - 25 = 39]
##################### end of loop errors #######################


###################### scrap distortions #######################
 PROJECTION: plan
 AVERAGE  MAXIMAL  SCRAP
   2.68%   85.60%  SP1_Frequence51@2023_tot.Arcel1
   4.26%   83.72%  pts_oublie_SP1@pts_oublie_tot.Arcel1
   0.61%   77.13%  SP-jonction-2@2023_tot.Arcel1
   3.17%   76.75%  pieuvre_PG-FM_SP2@pieuvre_PG-FM_tot.Arcel1
   0.07%   72.82%  SP_amont2024-3_1@amont24_tot.Arcel1
  42.09%   71.87%  pieuvre_PG-FM_SP3@pieuvre_PG-FM_tot.Arcel1
   0.80%   64.77%  diaclase-boucle_SP1@diaclase-boucle_tot.Arcel1
   0.12%   64.46%  SP_amont2024-2_2@amont24_tot.Arcel1
   0.86%   64.34%  SP_amont2024-1_1@amont24_tot.Arcel1
   1.43%   63.68%  pieuvre_PG-FM_SP1@pieuvre_PG-FM_tot.Arcel1
   0.67%   63.41%  SP_amont2024-1_2@amont24_tot.Arcel1
   0.16%   60.64%  SP_amont2024-2_1@amont24_tot.Arcel1
   4.66%   58.60%  SP1-puits_remontant@2023_tot.Arcel1
   4.05%   56.22%  SP-jonction-1@2023_tot.Arcel1
   0.18%   55.51%  SP_pts_actif_1_1@pts-actif_tot.Arcel1
   0.66%   50.57%  amont23_SP1@2023_tot.Arcel1
   0.25%   50.26%  SP_amont2024-1_4@amont24_tot.Arcel1
   0.40%   50.18%  diaclase_MK-SP_SP1@diaclase_MK-SP_tot.Arcel1
   1.60%   42.61%  arcel1_S5_P@2023_tot.Arcel1
   1.55%   40.30%  SP2_Frequence51@2023_tot.Arcel1
   0.13%   36.27%  SP_pts_actif_2_1@pts-actif_tot.Arcel1
   0.35%   17.82%  escalier_SP1@escalier_tot.Arcel1
   0.13%    2.29%  SP-jonction-3@2023_tot.Arcel1
   0.17%    2.18%  arcel1_S1_P@2023_tot.Arcel1
   0.10%    1.79%  arcel1_S3_P@2023_tot.Arcel1
   0.07%    1.15%  SP_amont2024-1_3@amont24_tot.Arcel1
   0.09%    0.99%  arcel1_S2_P@2023_tot.Arcel1
   0.06%    0.44%  arcel1_S4_P@2023_tot.Arcel1
   0.00%    0.08%  SP_amont2024-3_2@amont24_tot.Arcel1
   0.01%    0.05%  tube-de-prechauffage_SP1@tube-de-prechauffage_tot.Arcel1
   0.00%    0.03%  PR-amont23@2023_tot.Arcel1
   0.00%    0.00%  scrap167@amont24_tot.Arcel1
################### end of scrap distortions ###################

############# CRS transformations chosen by PROJ ###############
  Area of Use (AoU): (6.772, 45.379) (6.772, 45.379)
  [UTM32 → LONG-LAT] AoU: [yes] transformation: [Inverse of UTM zone 32N + axis order change (2D)] definition: [proj=pipeline step inv proj=utm zone=32 ellps=WGS84 step proj=unitconvert xy_in=rad xy_out=deg] accuracy: [0.000 m]
  [UTM32 → LAT-LONG] AoU: [no] transformation: [Inverse of UTM zone 32N + axis order change (2D)] definition: [proj=pipeline step inv proj=utm zone=32 ellps=WGS84 step proj=unitconvert xy_in=rad xy_out=deg] accuracy: [0.000 m]
  [UTM32 → UTM32] AoU: [yes] transformation: [Inverse of UTM zone 32N + UTM zone 32N] definition: [proj=noop ellps=GRS80] accuracy: [0.000 m]
  [UTM32 → EPSG:4326] AoU: [yes] transformation: [Inverse of UTM zone 32N + axis order change (2D)] definition: [proj=pipeline step inv proj=utm zone=32 ellps=WGS84 step proj=unitconvert xy_in=rad xy_out=deg] accuracy: [0.000 m]
  [EPSG:4326 → UTM32] AoU: [yes] transformation: [axis order change (2D) + UTM zone 32N] definition: [proj=pipeline step proj=unitconvert xy_in=deg xy_out=rad step proj=utm zone=32 ellps=WGS84] accuracy: [0.000 m]
########## end of CRS transformations chosen by PROJ ###########
