therion 6.2.1 (2024-03-20)
  - using Proj 9.3.1, compiled against 9.3.1
initialization file: C:\Program Files\Therion/therion.ini
reading ... done
configuration file: C:\Users\Utilisateur\Documents\GitHub\th-vanoise\datas\0_arcel1\arcel1_CONFIG1.thcfg
reading ... done
reading source files ... done
preprocessing database ... done
C:\Program Files\Therion\therion.exe: warning -- magnetic declination calculated for dates outside of optimal model range (1900 - 2024)
output coordinate system: UTM32
meridian convergence (deg): 1.5868
geomag declinations (deg):
  2022.1.1  2.6230
  2023.1.1  2.7834
  2024.1.1  2.9437
  2025.1.1  3.1037
  2026.1.1  3.2636
scanning centreline tree ... done
searching for centerline loops ... done
calculating station coordinates ... done
average loop error: 2.27%
calculating basic statistics ... done
processing extended elevation ... done
processing references ... done
selecting export objects ... done
processing projection extended ... done
average distortion: 0.78%


############### export maps & scraps selection #################
M     0.00 MC_arcelin_tot@Arcel1 ()
M     0.00 MC_amont24@amont24_tot.Arcel1 ()
S     0.00 SC_amont2024-1_1@amont24_tot.Arcel1 ()
S     0.00 SC_amont2024-1_3@amont24_tot.Arcel1 ()
S     0.00 SC_amont2024-1_4@amont24_tot.Arcel1 ()
S     0.00 SC_amont2024-2_1@amont24_tot.Arcel1 ()
S     0.00 SC_amont2024-2_2@amont24_tot.Arcel1 ()
S     0.00 SC1_amont2024-3@amont24_tot.Arcel1 ()
S     0.00 SC_amont2024-3_2@amont24_tot.Arcel1 ()
S     0.00 SC-amont2024-3_21@amont24_tot.Arcel1 ()
M     0.00 MC_2023@2023_tot.Arcel1 ()
S     0.00 SC-amont-2023-2@2023_tot.Arcel1 ()
S     0.00 SC-amont-2023-1@2023_tot.Arcel1 ()
S     0.00 arcel1_S1_C@2023_tot.Arcel1 ()
S     0.00 arcel1_S2_C@2023_tot.Arcel1 ()
S     0.00 arcel1_S3_C@2023_tot.Arcel1 ()
S     0.00 arcel1_S4_C@2023_tot.Arcel1 ()
S     0.00 arcel1_S5_C@2023_tot.Arcel1 ()
S     0.00 arcel1_S6_C@2023_tot.Arcel1 ()
S     0.00 arcel1_S7_C@2023_tot.Arcel1 ()
S     0.00 SC1_puits-remontant@2023_tot.Arcel1 ()
M     0.00 MC_pieuvre_PG-FM@pieuvre_PG-FM_tot.Arcel1 ()
S     0.00 pieuvre_PG-FM_SC1@pieuvre_PG-FM_tot.Arcel1 ()
M     0.00 MC_tube-de-prechauffage@tube-de-prechauffage_tot.Arcel1 ()
S     0.00 tube-de-prechauffage_SC1@tube-de-prechauffage_tot.Arcel1 ()
M     0.00 MC_pts_oublie@pts_oublie_tot.Arcel1 ()
S     0.00 pts-oublie_SC1@pts_oublie_tot.Arcel1 ()
M     0.00 MC_escalier@escalier_tot.Arcel1 ()
S     0.00 escalier_SC1@escalier_tot.Arcel1 ()
S     0.00 escalier_SC0@escalier_tot.Arcel1 ()
S     0.00 escalier_SC2@escalier_tot.Arcel1 ()
S     0.00 escalier_SC3@escalier_tot.Arcel1 ()
M     0.00 MC_pts-actif@pts-actif_tot.Arcel1 ()
S     0.00 SC1_pts-actif-1@pts-actif_tot.Arcel1 ()
S     0.00 SC1_pts-actif-2@pts-actif_tot.Arcel1 ()
M     0.00 MC_diaclase-boucle@diaclase-boucle_tot.Arcel1 ()
S     0.00 diaclase-boucle_SC1@diaclase-boucle_tot.Arcel1 ()
M     0.00 MC_diaclase_MK-SP@diaclase_MK-SP_tot.Arcel1 ()
S     0.00 diaclase_MK-SP_SC1@diaclase_MK-SP_tot.Arcel1 ()
M     0.00 MC_faille-fossile-riviere@faille-fossile-riviere_tot.Arcel1 (faille-fossile-riviere)
S     0.00 SC1_faille-fossile-riviere@faille-fossile-riviere_tot.Arcel1 ()
S     0.00 SC11_faille-fossile-riviere@faille-fossile-riviere_tot.Arcel1 ()
S     0.00 SC2_faille-fossile-riviere@faille-fossile-riviere_tot.Arcel1 ()
M     0.00 MC_amont-2025-2@amont-2025-2_tot.Arcel1 (amont-2025-2)
S     0.00 SC1_amont-2025-2@amont-2025-2_tot.Arcel1 ()
S     0.00 SC2_amont-2025-2@amont-2025-2_tot.Arcel1 ()
M     0.00 MC_amont-2025-1@amont-2025-1_tot.Arcel1 (amont-2025-1)
S     0.00 SC1_amont-2025-1@amont-2025-1_tot.Arcel1 ()
S     0.00 SC2_amont-2025-1@amont-2025-1_tot.Arcel1 ()
S     0.00 SC3_amont-2025-1@amont-2025-1_tot.Arcel1 ()
S     0.00 SC4_amont-2025-1@amont-2025-1_tot.Arcel1 ()
M     0.00 MC_aval-2025-2@aval-2025-2_tot.Arcel1 (aval-2025-2)
S     0.00 SC1_aval-2025-2@aval-2025-2_tot.Arcel1 ()
S     0.00 SC2_aval-2025-2@aval-2025-2_tot.Arcel1 ()
M     0.00 MC_aval-2025-1@aval-2025-1_tot.Arcel1 (aval-2025-1)
S     0.00 SC1_aval-2025-1@aval-2025-1_tot.Arcel1 ()
S     0.00 SC2_aval-2025-1@aval-2025-1_tot.Arcel1 ()
########## end of export maps & scraps selection ###############
writing exports/arcel1_coupe.pdf ...
####################### metapost log file ########################
This is MetaPost, version 2.01 (TeX Live 2021/W32TeX) (kpathsea version 6.3.3)  7 NOV 2025 23:22
**data.mp
(c:/Program Files/Therion/texmf/mpost/mpost.mp
(c:/Program Files/Therion/texmf/mpost/plain.mp
Preloading the plain mem file, version 1.005) ) (./data.mp
{randomseed:=42}
 [1] [2] [3] [4]
[5] [6] [7] [8] [9] [10] [11] [12] [13] [14]
[15]
Warning: patterncolor not supported in Therion [16] [1] [2] [3] [4] [5] [6]
[7] [8] [9] [10] [11] [12] [13]
[Warning: scrap outline intersects itself in scrap SC_amont2024-2_2@amont24_tot
.Arcel1] [14] [15] [16] [17] [18] [19] [20] [21] [22] [23] [24]
[Warning: scrap outline intersects itself in scrap SC_amont2024-1_3@amont24_tot
.Arcel1] [25] [26] [27] [28] [29] [30] [31] [32] [33] [34] [35] [36] [37] [38]
[39] [40] [41] [42] [43] [44] [45] [46] [47] [48] [49] [50] [51] [52] [53]
[54] [55] [56]
[Warning: scrap outline intersects itself in scrap arcel1_S2_C@2023_tot.Arcel1]
[57] [58] [59] [60] [61] [62] [63] [64] [65] [66] [67] [68] [69] [70] [71]
[72] [73] [74] [75] [76] [77] [78]
[Warning: text scaled down to fit the path in scrap tube-de-prechauffage_SC1@tu
be-de-prechauffage_tot.Arcel1] [79] [80] [81] [82] [83] [84]
[Warning: scrap outline intersects itself in scrap escalier_SC3@escalier_tot.Ar
cel1] [85] [86] [87] [88] [89] [90] [91] [92] [93] [94] [95] [96] [97] [98]
[99] [100] [101] [102] [103] [104] [105] [106] [107] [108] [109] [110] [111]
[112] [113] [114] [115]
[Warning: scrap outline intersects itself in scrap SC2_faille-fossile-riviere@f
aille-fossile-riviere_tot.Arcel1] [116] [117] [118] [119] [120] [121] [122]
[123] [124] [125] [126] [127] [128] [129] [130]
[Warning: scrap outline intersects itself in scrap SC1_amont-2025-2@amont-2025-
2_tot.Arcel1] [131] [132] [133] [134] [135] [136] [137] [138] [139] [140] [141]
[142] [143] [144] [145] [146] [147] [148]
[Warning: scrap outline intersects itself in scrap SC2_aval-2025-2@aval-2025-2_
tot.Arcel1] [149] [150] [151] [152] [153] [154] [155]
[Warning: scrap outline intersects itself in scrap SC2_aval-2025-2@aval-2025-2_
tot.Arcel1] [156] [157] [158] [159] [160] [161] [162] [163] [164]
(./mptextmp.mp) [165] (./mptextmp.mp) (./mptextmp.mp) (./mptextmp.mp)
(./mptextmp.mp) (./mptextmp.mp) (./mptextmp.mp) (./mptextmp.mp) [166] [167]
[168] [169] [170] [171] [172] [173] [174] [175] [176] [177] [178] [179] [180]
[181] [182] [183] [184] [185] [186] [187] [188] [189] [190] [191] [192] [193]
[194] [195] [196] [197] [198] [199] [200] [201] [202] [203] [204] [205] [206]
[207] [208] [209] [210] [211] [212] [213] [214] )
 
Here is how much of MetaPost's memory you used:
 75002 strings using 1787125 characters
 5935264 bytes of node memory
 1773 symbolic tokens
 11i,82n,16p,877b,5f stack positions out of 16i,98n,20p,950b,6f
230 output files written: data-patt.1 .. data.214


#################### end of metapost log file ####################
converting scraps ... done
making map ... done
######################## pdftex log file #########################
This is pdfTeX, Version 3.141592653-2.6-1.40.22 (TeX Live 2021/W32TeX) (preloaded format=pdfetex 2023.12.2)  7 NOV 2025 23:22
entering extended mode
**data.tex
(./data.tex (./th_enc.tex) (./th_texts.tex) (./th_resources.tex
(c:/Program Files/Therion/texmf/tex/glyphtounicode.tex)) (./th_fontdef.tex{c:/P
rogram Files/Therion/texmf/fonts/pdftex.map})
(./th_formdef.tex
Normal \count register pool exhausted, switching to extended pool.)
(./th_pagedef.tex (./th_legend.tex)) (./th_pages.tex)
 253 numeric registers used out of 32768
 [1] ) 
Here is how much of TeX's memory you used:
 726 strings out of 95671
 9119 string characters out of 1192323
 410471 words of memory out of 1848514
 2119 multiletter control sequences out of 15000+50000
 21229 words of font info for 66 fonts, out of 1000000 for 2000
 844 hyphenation exceptions out of 5000
 10i,5n,9p,1518b,75s stack positions out of 5000i,500n,10000p,200000b,50000s
<c:/Program Files/Therion/texmf/fonts/type1/cmss10.pfb><c:/Program Files/
Therion/texmf/fonts/type1/cmssi10.pfb><c:/Program Files/Therion/texmf/fonts/typ
e1/csss10.pfb><c:/Program Files/Therion/texmf/fonts/type1/csssi10.pfb>
Output written on data.pdf (1 page, 1227179 bytes).
PDF statistics:
 983 PDF objects out of 1000 (max. 8388607)
 494 compressed objects within 5 object streams
 0 named destinations out of 1000 (max. 500000)
 2861 words of extra memory for PDF output out of 10000 (max. 10000000)


##################### end of pdftex log file #####################
done


############### export maps & scraps selection #################
M     0.00 MC_arcelin_tot@Arcel1 ()
M     0.00 MC_amont24@amont24_tot.Arcel1 ()
S     0.00 SC_amont2024-1_1@amont24_tot.Arcel1 ()
S     0.00 SC_amont2024-1_3@amont24_tot.Arcel1 ()
S     0.00 SC_amont2024-1_4@amont24_tot.Arcel1 ()
S     0.00 SC_amont2024-2_1@amont24_tot.Arcel1 ()
S     0.00 SC_amont2024-2_2@amont24_tot.Arcel1 ()
S     0.00 SC1_amont2024-3@amont24_tot.Arcel1 ()
S     0.00 SC_amont2024-3_2@amont24_tot.Arcel1 ()
S     0.00 SC-amont2024-3_21@amont24_tot.Arcel1 ()
M     0.00 MC_2023@2023_tot.Arcel1 ()
S     0.00 SC-amont-2023-2@2023_tot.Arcel1 ()
S     0.00 SC-amont-2023-1@2023_tot.Arcel1 ()
S     0.00 arcel1_S1_C@2023_tot.Arcel1 ()
S     0.00 arcel1_S2_C@2023_tot.Arcel1 ()
S     0.00 arcel1_S3_C@2023_tot.Arcel1 ()
S     0.00 arcel1_S4_C@2023_tot.Arcel1 ()
S     0.00 arcel1_S5_C@2023_tot.Arcel1 ()
S     0.00 arcel1_S6_C@2023_tot.Arcel1 ()
S     0.00 arcel1_S7_C@2023_tot.Arcel1 ()
S     0.00 SC1_puits-remontant@2023_tot.Arcel1 ()
M     0.00 MC_pieuvre_PG-FM@pieuvre_PG-FM_tot.Arcel1 ()
S     0.00 pieuvre_PG-FM_SC1@pieuvre_PG-FM_tot.Arcel1 ()
M     0.00 MC_tube-de-prechauffage@tube-de-prechauffage_tot.Arcel1 ()
S     0.00 tube-de-prechauffage_SC1@tube-de-prechauffage_tot.Arcel1 ()
M     0.00 MC_pts_oublie@pts_oublie_tot.Arcel1 ()
S     0.00 pts-oublie_SC1@pts_oublie_tot.Arcel1 ()
M     0.00 MC_escalier@escalier_tot.Arcel1 ()
S     0.00 escalier_SC1@escalier_tot.Arcel1 ()
S     0.00 escalier_SC0@escalier_tot.Arcel1 ()
S     0.00 escalier_SC2@escalier_tot.Arcel1 ()
S     0.00 escalier_SC3@escalier_tot.Arcel1 ()
M     0.00 MC_pts-actif@pts-actif_tot.Arcel1 ()
S     0.00 SC1_pts-actif-1@pts-actif_tot.Arcel1 ()
S     0.00 SC1_pts-actif-2@pts-actif_tot.Arcel1 ()
M     0.00 MC_diaclase-boucle@diaclase-boucle_tot.Arcel1 ()
S     0.00 diaclase-boucle_SC1@diaclase-boucle_tot.Arcel1 ()
M     0.00 MC_diaclase_MK-SP@diaclase_MK-SP_tot.Arcel1 ()
S     0.00 diaclase_MK-SP_SC1@diaclase_MK-SP_tot.Arcel1 ()
M     0.00 MC_faille-fossile-riviere@faille-fossile-riviere_tot.Arcel1 (faille-fossile-riviere)
S     0.00 SC1_faille-fossile-riviere@faille-fossile-riviere_tot.Arcel1 ()
S     0.00 SC11_faille-fossile-riviere@faille-fossile-riviere_tot.Arcel1 ()
S     0.00 SC2_faille-fossile-riviere@faille-fossile-riviere_tot.Arcel1 ()
M     0.00 MC_amont-2025-2@amont-2025-2_tot.Arcel1 (amont-2025-2)
S     0.00 SC1_amont-2025-2@amont-2025-2_tot.Arcel1 ()
S     0.00 SC2_amont-2025-2@amont-2025-2_tot.Arcel1 ()
M     0.00 MC_amont-2025-1@amont-2025-1_tot.Arcel1 (amont-2025-1)
S     0.00 SC1_amont-2025-1@amont-2025-1_tot.Arcel1 ()
S     0.00 SC2_amont-2025-1@amont-2025-1_tot.Arcel1 ()
S     0.00 SC3_amont-2025-1@amont-2025-1_tot.Arcel1 ()
S     0.00 SC4_amont-2025-1@amont-2025-1_tot.Arcel1 ()
M     0.00 MC_aval-2025-2@aval-2025-2_tot.Arcel1 (aval-2025-2)
S     0.00 SC1_aval-2025-2@aval-2025-2_tot.Arcel1 ()
S     0.00 SC2_aval-2025-2@aval-2025-2_tot.Arcel1 ()
M     0.00 MC_aval-2025-1@aval-2025-1_tot.Arcel1 (aval-2025-1)
S     0.00 SC1_aval-2025-1@aval-2025-1_tot.Arcel1 ()
S     0.00 SC2_aval-2025-1@aval-2025-1_tot.Arcel1 ()
########## end of export maps & scraps selection ###############
writing exports/arcel1_coupe-travail.pdf ...
####################### metapost log file ########################
This is MetaPost, version 2.01 (TeX Live 2021/W32TeX) (kpathsea version 6.3.3)  7 NOV 2025 23:22
**data.mp
(c:/Program Files/Therion/texmf/mpost/mpost.mp
(c:/Program Files/Therion/texmf/mpost/plain.mp
Preloading the plain mem file, version 1.005) ) (./data.mp
{randomseed:=42}
 [1] [2] [3] [4]
[5] [6] [7] [8] [9] [10] [11] [12] [13] [14]
[15]
Warning: patterncolor not supported in Therion [16] [1] [2] [3] [4] [5] [6]
[7] [8] [9] [10] [11] [12] [13]
[Warning: scrap outline intersects itself in scrap SC_amont2024-2_2@amont24_tot
.Arcel1] [14] [15] [16] [17] [18] [19] [20] [21] [22] [23] [24] [25]
[Warning: scrap outline intersects itself in scrap SC_amont2024-1_3@amont24_tot
.Arcel1] [26] [27] [28] [29] [30] [31] [32] [33] [34] [35] [36] [37] [38] [39]
[40] [41] [42] [43] [44] [45] [46] [47] [48] [49] [50] [51] [52] [53] [54]
[55] [56] [57]
[Warning: scrap outline intersects itself in scrap arcel1_S2_C@2023_tot.Arcel1]
[58] [59] [60] [61] [62] [63] [64] [65] [66] [67] [68] [69] [70] [71] [72]
[73] [74] [75] [76] [77] [78] [79]
[Warning: text scaled down to fit the path in scrap tube-de-prechauffage_SC1@tu
be-de-prechauffage_tot.Arcel1] [80] [81] [82] [83] [84] [85]
[Warning: scrap outline intersects itself in scrap escalier_SC3@escalier_tot.Ar
cel1] [86] [87] [88] [89] [90] [91] [92] [93] [94] [95] [96] [97] [98] [99]
[100] [101] [102] [103] [104] [105] [106] [107] [108] [109] [110] [111] [112]
[113] [114] [115] [116] [117]
[Warning: scrap outline intersects itself in scrap SC2_faille-fossile-riviere@f
aille-fossile-riviere_tot.Arcel1] [118] [119] [120] [121] [122] [123] [124]
[125] [126] [127] [128] [129] [130] [131] [132] [133]
[Warning: scrap outline intersects itself in scrap SC1_amont-2025-2@amont-2025-
2_tot.Arcel1] [134] [135] [136] [137] [138] [139] [140] [141] [142] [143] [144]
[145] [146] [147] [148] [149] [150] [151] [152] [153]
[Warning: scrap outline intersects itself in scrap SC2_aval-2025-2@aval-2025-2_
tot.Arcel1] [154] [155] [156] [157] [158] [159] [160]
[Warning: scrap outline intersects itself in scrap SC2_aval-2025-2@aval-2025-2_
tot.Arcel1] [161] [162] [163] [164] [165] [166] [167] [168] [169] [170]
(./mptextmp.mp) [171] (./mptextmp.mp) (./mptextmp.mp) (./mptextmp.mp)
(./mptextmp.mp) (./mptextmp.mp) (./mptextmp.mp) (./mptextmp.mp) [172] [173]
[174] [175] [176] [177] [178] [179] [180] [181] [182] [183] [184] [185] [186]
[187] [188] [189] [190] [191] [192] [193] [194] [195] [196] [197] [198] [199]
[200] [201] [202] [203] [204] [205] [206] [207] [208] [209] [210] [211] [212]
[213] [214] [215] [216] [217] [218] [219] [220] )
 
Here is how much of MetaPost's memory you used:
 155812 strings using 4115715 characters
 6267872 bytes of node memory
 1774 symbolic tokens
 11i,82n,16p,877b,5f stack positions out of 16i,98n,20p,950b,6f
236 output files written: data-patt.1 .. data.220


#################### end of metapost log file ####################
converting scraps ... done
making map ... done
######################## pdftex log file #########################
This is pdfTeX, Version 3.141592653-2.6-1.40.22 (TeX Live 2021/W32TeX) (preloaded format=pdfetex 2023.12.2)  7 NOV 2025 23:22
entering extended mode
**data.tex
(./data.tex (./th_enc.tex) (./th_texts.tex) (./th_resources.tex
(c:/Program Files/Therion/texmf/tex/glyphtounicode.tex)) (./th_fontdef.tex{c:/P
rogram Files/Therion/texmf/fonts/pdftex.map})
(./th_formdef.tex
Normal \count register pool exhausted, switching to extended pool.)
(./th_pagedef.tex (./th_legend.tex)) (./th_pages.tex)
 253 numeric registers used out of 32768
 [1] ) 
Here is how much of TeX's memory you used:
 732 strings out of 95671
 9185 string characters out of 1192323
 463538 words of memory out of 1901581
 2125 multiletter control sequences out of 15000+50000
 21229 words of font info for 66 fonts, out of 1000000 for 2000
 844 hyphenation exceptions out of 5000
 10i,5n,9p,1518b,75s stack positions out of 5000i,500n,10000p,200000b,50000s
<c:/Program Files/Therion/texmf/fonts/type1/cmss10.pfb><c:/Program Files/
Therion/texmf/fonts/type1/cmssi10.pfb><c:/Program Files/Therion/texmf/fonts/typ
e1/csss10.pfb><c:/Program Files/Therion/texmf/fonts/type1/csssi10.pfb>
Output written on data.pdf (1 page, 2760631 bytes).
PDF statistics:
 995 PDF objects out of 1000 (max. 8388607)
 500 compressed objects within 5 object streams
 0 named destinations out of 1000 (max. 500000)
 2897 words of extra memory for PDF output out of 10000 (max. 10000000)


##################### end of pdftex log file #####################
done


############### export maps & scraps selection #################
M     0.00 MC_arcelin_tot@Arcel1 ()
M     0.00 MC_amont24@amont24_tot.Arcel1 ()
S     0.00 SC_amont2024-1_1@amont24_tot.Arcel1 ()
S     0.00 SC_amont2024-1_3@amont24_tot.Arcel1 ()
S     0.00 SC_amont2024-1_4@amont24_tot.Arcel1 ()
S     0.00 SC_amont2024-2_1@amont24_tot.Arcel1 ()
S     0.00 SC_amont2024-2_2@amont24_tot.Arcel1 ()
S     0.00 SC1_amont2024-3@amont24_tot.Arcel1 ()
S     0.00 SC_amont2024-3_2@amont24_tot.Arcel1 ()
S     0.00 SC-amont2024-3_21@amont24_tot.Arcel1 ()
M     0.00 MC_2023@2023_tot.Arcel1 ()
S     0.00 SC-amont-2023-2@2023_tot.Arcel1 ()
S     0.00 SC-amont-2023-1@2023_tot.Arcel1 ()
S     0.00 arcel1_S1_C@2023_tot.Arcel1 ()
S     0.00 arcel1_S2_C@2023_tot.Arcel1 ()
S     0.00 arcel1_S3_C@2023_tot.Arcel1 ()
S     0.00 arcel1_S4_C@2023_tot.Arcel1 ()
S     0.00 arcel1_S5_C@2023_tot.Arcel1 ()
S     0.00 arcel1_S6_C@2023_tot.Arcel1 ()
S     0.00 arcel1_S7_C@2023_tot.Arcel1 ()
S     0.00 SC1_puits-remontant@2023_tot.Arcel1 ()
M     0.00 MC_pieuvre_PG-FM@pieuvre_PG-FM_tot.Arcel1 ()
S     0.00 pieuvre_PG-FM_SC1@pieuvre_PG-FM_tot.Arcel1 ()
M     0.00 MC_tube-de-prechauffage@tube-de-prechauffage_tot.Arcel1 ()
S     0.00 tube-de-prechauffage_SC1@tube-de-prechauffage_tot.Arcel1 ()
M     0.00 MC_pts_oublie@pts_oublie_tot.Arcel1 ()
S     0.00 pts-oublie_SC1@pts_oublie_tot.Arcel1 ()
M     0.00 MC_escalier@escalier_tot.Arcel1 ()
S     0.00 escalier_SC1@escalier_tot.Arcel1 ()
S     0.00 escalier_SC0@escalier_tot.Arcel1 ()
S     0.00 escalier_SC2@escalier_tot.Arcel1 ()
S     0.00 escalier_SC3@escalier_tot.Arcel1 ()
M     0.00 MC_pts-actif@pts-actif_tot.Arcel1 ()
S     0.00 SC1_pts-actif-1@pts-actif_tot.Arcel1 ()
S     0.00 SC1_pts-actif-2@pts-actif_tot.Arcel1 ()
M     0.00 MC_diaclase-boucle@diaclase-boucle_tot.Arcel1 ()
S     0.00 diaclase-boucle_SC1@diaclase-boucle_tot.Arcel1 ()
M     0.00 MC_diaclase_MK-SP@diaclase_MK-SP_tot.Arcel1 ()
S     0.00 diaclase_MK-SP_SC1@diaclase_MK-SP_tot.Arcel1 ()
M     0.00 MC_faille-fossile-riviere@faille-fossile-riviere_tot.Arcel1 (faille-fossile-riviere)
S     0.00 SC1_faille-fossile-riviere@faille-fossile-riviere_tot.Arcel1 ()
S     0.00 SC11_faille-fossile-riviere@faille-fossile-riviere_tot.Arcel1 ()
S     0.00 SC2_faille-fossile-riviere@faille-fossile-riviere_tot.Arcel1 ()
M     0.00 MC_amont-2025-2@amont-2025-2_tot.Arcel1 (amont-2025-2)
S     0.00 SC1_amont-2025-2@amont-2025-2_tot.Arcel1 ()
S     0.00 SC2_amont-2025-2@amont-2025-2_tot.Arcel1 ()
M     0.00 MC_amont-2025-1@amont-2025-1_tot.Arcel1 (amont-2025-1)
S     0.00 SC1_amont-2025-1@amont-2025-1_tot.Arcel1 ()
S     0.00 SC2_amont-2025-1@amont-2025-1_tot.Arcel1 ()
S     0.00 SC3_amont-2025-1@amont-2025-1_tot.Arcel1 ()
S     0.00 SC4_amont-2025-1@amont-2025-1_tot.Arcel1 ()
M     0.00 MC_aval-2025-2@aval-2025-2_tot.Arcel1 (aval-2025-2)
S     0.00 SC1_aval-2025-2@aval-2025-2_tot.Arcel1 ()
S     0.00 SC2_aval-2025-2@aval-2025-2_tot.Arcel1 ()
M     0.00 MC_aval-2025-1@aval-2025-1_tot.Arcel1 (aval-2025-1)
S     0.00 SC1_aval-2025-1@aval-2025-1_tot.Arcel1 ()
S     0.00 SC2_aval-2025-1@aval-2025-1_tot.Arcel1 ()
########## end of export maps & scraps selection ###############
writing exports/arcel1_DEBUG_coupe.pdf ...
####################### metapost log file ########################
This is MetaPost, version 2.01 (TeX Live 2021/W32TeX) (kpathsea version 6.3.3)  7 NOV 2025 23:22
**data.mp
(c:/Program Files/Therion/texmf/mpost/mpost.mp
(c:/Program Files/Therion/texmf/mpost/plain.mp
Preloading the plain mem file, version 1.005) ) (./data.mp
{randomseed:=42}
 [1] [2] [3] [4]
[5] [6] [7] [8] [9] [10] [11] [12] [13] [14]
[15]
Warning: patterncolor not supported in Therion [16] [1] [2] [3] [4] [5] [6]
[7] [8] [9] [10] [11] [12] [13]
[Warning: scrap outline intersects itself in scrap SC_amont2024-2_2@amont24_tot
.Arcel1] [14] [15] [16] [17] [18] [19] [20] [21] [22] [23] [24] [25]
[Warning: scrap outline intersects itself in scrap SC_amont2024-1_3@amont24_tot
.Arcel1] [26] [27] [28] [29] [30] [31] [32] [33] [34] [35] [36] [37] [38] [39]
[40] [41] [42] [43] [44] [45] [46] [47] [48] [49] [50] [51] [52] [53] [54]
[55] [56] [57]
[Warning: scrap outline intersects itself in scrap arcel1_S2_C@2023_tot.Arcel1]
[58] [59] [60] [61] [62] [63] [64] [65] [66] [67] [68] [69] [70] [71] [72]
[73] [74] [75] [76] [77] [78] [79]
[Warning: text scaled down to fit the path in scrap tube-de-prechauffage_SC1@tu
be-de-prechauffage_tot.Arcel1] [80] [81] [82] [83] [84] [85]
[Warning: scrap outline intersects itself in scrap escalier_SC3@escalier_tot.Ar
cel1] [86] [87] [88] [89] [90] [91] [92] [93] [94] [95] [96] [97] [98] [99]
[100] [101] [102] [103] [104] [105] [106] [107] [108] [109] [110] [111] [112]
[113] [114] [115] [116] [117]
[Warning: scrap outline intersects itself in scrap SC2_faille-fossile-riviere@f
aille-fossile-riviere_tot.Arcel1] [118] [119] [120] [121] [122] [123] [124]
[125] [126] [127] [128] [129] [130] [131] [132] [133]
[Warning: scrap outline intersects itself in scrap SC1_amont-2025-2@amont-2025-
2_tot.Arcel1] [134] [135] [136] [137] [138] [139] [140] [141] [142] [143] [144]
[145] [146] [147] [148] [149] [150] [151] [152] [153]
[Warning: scrap outline intersects itself in scrap SC2_aval-2025-2@aval-2025-2_
tot.Arcel1] [154] [155] [156] [157] [158] [159] [160]
[Warning: scrap outline intersects itself in scrap SC2_aval-2025-2@aval-2025-2_
tot.Arcel1] [161] [162] [163] [164] [165] [166] [167] [168] [169] [170] [171]
[172] [173] [174] (./mptextmp.mp) [175] (./mptextmp.mp) (./mptextmp.mp)
(./mptextmp.mp) (./mptextmp.mp) (./mptextmp.mp) (./mptextmp.mp) (./mptextmp.mp)
[176] [177] [178] [179] [180] [181] [182] [183] [184] [185] [186] [187] [188]
[189] [190] [191] [192] [193] [194] [195] [196] [197] [198] [199] [200] [201]
[202] [203] [204] [205] [206] [207] [208] [209] [210] [211] [212] [213] [214]
[215] [216] [217] [218] [219] [220] [221] [222] [223] [224] )
 
Here is how much of MetaPost's memory you used:
 156093 strings using 4119802 characters
 6738024 bytes of node memory
 1774 symbolic tokens
 11i,82n,16p,877b,5f stack positions out of 16i,98n,20p,950b,6f
240 output files written: data-patt.1 .. data.224


#################### end of metapost log file ####################
converting scraps ... done
making map ... done
######################## pdftex log file #########################
This is pdfTeX, Version 3.141592653-2.6-1.40.22 (TeX Live 2021/W32TeX) (preloaded format=pdfetex 2023.12.2)  7 NOV 2025 23:23
entering extended mode
**data.tex
(./data.tex (./th_enc.tex) (./th_texts.tex) (./th_resources.tex
(c:/Program Files/Therion/texmf/tex/glyphtounicode.tex)) (./th_fontdef.tex{c:/P
rogram Files/Therion/texmf/fonts/pdftex.map})
(./th_formdef.tex
Normal \count register pool exhausted, switching to extended pool.)
(./th_pagedef.tex (./th_legend.tex)) (./th_pages.tex)
 253 numeric registers used out of 32768
 [1] ) 
Here is how much of TeX's memory you used:
 736 strings out of 95671
 9229 string characters out of 1192323
 468026 words of memory out of 1905069
 2129 multiletter control sequences out of 15000+50000
 21229 words of font info for 66 fonts, out of 1000000 for 2000
 844 hyphenation exceptions out of 5000
 10i,5n,9p,1518b,75s stack positions out of 5000i,500n,10000p,200000b,50000s
<c:/Program Files/Therion/texmf/fonts/type1/cmss10.pfb><c:/Program Files/
Therion/texmf/fonts/type1/cmssi10.pfb><c:/Program Files/Therion/texmf/fonts/typ
e1/csss10.pfb><c:/Program Files/Therion/texmf/fonts/type1/csssi10.pfb>
Output written on data.pdf (1 page, 2874732 bytes).
PDF statistics:
 1004 PDF objects out of 1200 (max. 8388607)
 504 compressed objects within 6 object streams
 0 named destinations out of 1000 (max. 500000)
 2921 words of extra memory for PDF output out of 10000 (max. 10000000)


##################### end of pdftex log file #####################
done
compilation time: 30 sec


######################### loop errors ##########################
REL-ERR ABS-ERR TOTAL-L STS X-ERROR Y-ERROR Z-ERROR STATIONS
  7.66%    3.4m   45.0m  15    3.4m    0.1m    0.5m [27@frequence51.2023_tot.Arcel1 - 28 - PTR_2 - 2 - 4 - 5 - 6 - 16b - 17 - 18 - 19 - 20 - 21 - P - 26 - 27]
  6.88%    2.9m   42.4m   7    2.6m    0.7m   -1.2m [16@escalier.escalier_tot.Arcel1 - 16a - 16b - 16c - 13 - 14 - 15 - 16]
  5.74%    1.0m   17.7m   8   -0.7m   -0.7m    0.3m [26@pieuvre_PG-FM.pieuvre_PG-FM_tot.Arcel1 - 25 - 24 - 23 - 22 - 21 - 20 - 19 - 18 = 26]
  4.34%    0.9m   20.5m   7    0.4m   -0.7m   -0.4m [51-ptr-29@amont-2025-1.amont-2025-1_tot.Arcel1 - 54 - 55 - 56 - 57 - 53 - 52 - 51-ptr-29]
  1.44%    0.6m   41.1m  14    0.2m    0.3m    0.4m [47-ptr13@amont-2025-1.amont-2025-1_tot.Arcel1 - 97 - 96 - 95 - 94 - 93 - 92 - 91 - 90 - 89 - 88 - 87 - 49 - 48 - 47-ptr13]
  1.19%    1.2m  101.0m  24    0.2m   -0.6m   -1.0m [135@faille-fossile-riviere.faille-fossile-riviere_tot.Arcel1 - 136 - 137 - 138 - 139 - 140 - 107 - 108 - 109 - 110 - 111 - 112 - 113 - 114 - 115 - 116 - 117 - 118 - 119 - 130 - 131 - 132 - 133 - 134 - 135]
  0.79%    2.5m  321.8m  64    1.9m   -0.2m    1.6m [236@escalier.escalier_tot.Arcel1 - 235 - 234 - 233 - 23 - 22 - 21 - 20 - 199 - 19 - 18 - 17 - 16 - 15 - 14 - 13 - 12 - 11 - 10 - 9 - 8 - 7 - 6 - 5 - 4 - 3 - 3a - 3b - 3c = 15@amont2024-1.amont24_tot.Arcel1 - 14 - 13 - 12 - 11 - 10 - 9 - 8 - 7 - 6 - 5 - 4 - 3 - 2 - 1 - 0 = 40@amont.2023_tot.Arcel1 - 39 - 38 - 37 - 36 - 35 - 34 - 33 - 32 - 31 - 30 - 29 - 28 - 27 - 26 - 25 - 24 - 23 - 22 - 21 - 20 - 19 = 236@escalier.escalier_tot.Arcel1]
  0.62%    0.3m   47.6m  14    0.1m    0.1m    0.2m [39@amont2024-1.amont24_tot.Arcel1 - 38 - 37 - 36 - 35 - 34 - 33 - 32 - 31 - 30 - 29 - 28 - 27 - 26 - 25 = 39]
##################### end of loop errors #######################


###################### scrap distortions #######################
 PROJECTION: extended
 AVERAGE  MAXIMAL  SCRAP
   3.22%  100.00%  arcel1_S3_C@2023_tot.Arcel1
   0.26%  100.00%  SC1_amont-2025-2@amont-2025-2_tot.Arcel1
   1.08%  100.00%  SC2_amont-2025-1@amont-2025-1_tot.Arcel1
   0.19%  100.00%  pieuvre_PG-FM_SC1@pieuvre_PG-FM_tot.Arcel1
   8.13%  100.00%  escalier_SC0@escalier_tot.Arcel1
   1.38%   68.60%  SC_amont2024-3_2@amont24_tot.Arcel1
   0.63%   68.47%  escalier_SC1@escalier_tot.Arcel1
   0.36%   66.77%  arcel1_S1_C@2023_tot.Arcel1
   1.23%   62.50%  SC1_puits-remontant@2023_tot.Arcel1
   0.40%   61.29%  SC_amont2024-1_1@amont24_tot.Arcel1
   0.57%   58.90%  arcel1_S2_C@2023_tot.Arcel1
   0.58%   56.57%  SC-amont-2023-2@2023_tot.Arcel1
   0.34%   55.71%  SC1_aval-2025-1@aval-2025-1_tot.Arcel1
   3.42%   54.56%  SC-amont2024-3_21@amont24_tot.Arcel1
  36.54%   54.20%  tube-de-prechauffage_SC1@tube-de-prechauffage_tot.Arcel1
  11.71%   48.14%  SC2_aval-2025-1@aval-2025-1_tot.Arcel1
   0.10%   47.51%  SC11_faille-fossile-riviere@faille-fossile-riviere_tot.Arcel1
   0.31%   43.44%  SC-amont-2023-1@2023_tot.Arcel1
   0.31%   42.01%  SC1_pts-actif-2@pts-actif_tot.Arcel1
   0.07%   38.94%  SC1_amont-2025-1@amont-2025-1_tot.Arcel1
   0.07%   35.41%  SC1_amont2024-3@amont24_tot.Arcel1
   1.58%   34.56%  SC1_pts-actif-1@pts-actif_tot.Arcel1
   0.03%   32.77%  SC_amont2024-2_1@amont24_tot.Arcel1
   0.03%   28.07%  SC_amont2024-2_2@amont24_tot.Arcel1
   0.24%   27.33%  SC_amont2024-1_3@amont24_tot.Arcel1
   0.41%   21.43%  arcel1_S4_C@2023_tot.Arcel1
   0.06%   16.24%  SC1_aval-2025-2@aval-2025-2_tot.Arcel1
   0.30%   15.56%  SC1_faille-fossile-riviere@faille-fossile-riviere_tot.Arcel1
   0.21%   11.54%  SC3_amont-2025-1@amont-2025-1_tot.Arcel1
   0.02%    8.73%  SC2_amont-2025-2@amont-2025-2_tot.Arcel1
   0.61%    8.64%  escalier_SC2@escalier_tot.Arcel1
   0.10%    6.49%  diaclase-boucle_SC1@diaclase-boucle_tot.Arcel1
   0.14%    1.60%  SC_amont2024-1_4@amont24_tot.Arcel1
   0.01%    0.07%  escalier_SC3@escalier_tot.Arcel1
   0.00%    0.06%  pts-oublie_SC1@pts_oublie_tot.Arcel1
   0.00%    0.03%  SC2_aval-2025-2@aval-2025-2_tot.Arcel1
   0.00%    0.02%  diaclase_MK-SP_SC1@diaclase_MK-SP_tot.Arcel1
   0.00%    0.01%  SC2_faille-fossile-riviere@faille-fossile-riviere_tot.Arcel1
   0.01%    0.01%  SC4_amont-2025-1@amont-2025-1_tot.Arcel1
   0.00%    0.01%  arcel1_S6_C@2023_tot.Arcel1
   0.00%    0.01%  arcel1_S5_C@2023_tot.Arcel1
   0.00%    0.01%  arcel1_S7_C@2023_tot.Arcel1
################### end of scrap distortions ###################

############# CRS transformations chosen by PROJ ###############
  Area of Use (AoU): (6.770, 45.365) (6.772, 45.379)
  [UTM32 → LONG-LAT] AoU: [yes] transformation: [Inverse of UTM zone 32N + axis order change (2D)] definition: [proj=pipeline step inv proj=utm zone=32 ellps=WGS84 step proj=unitconvert xy_in=rad xy_out=deg] accuracy: [0.000 m]
  [UTM32 → LAT-LONG] AoU: [no] transformation: [Inverse of UTM zone 32N + axis order change (2D)] definition: [proj=pipeline step inv proj=utm zone=32 ellps=WGS84 step proj=unitconvert xy_in=rad xy_out=deg] accuracy: [0.000 m]
  [UTM32 → UTM32] AoU: [yes] transformation: [Inverse of UTM zone 32N + UTM zone 32N] definition: [proj=noop ellps=GRS80] accuracy: [0.000 m]
  [UTM32 → EPSG:4326] AoU: [yes] transformation: [Inverse of UTM zone 32N + axis order change (2D)] definition: [proj=pipeline step inv proj=utm zone=32 ellps=WGS84 step proj=unitconvert xy_in=rad xy_out=deg] accuracy: [0.000 m]
  [EPSG:2154 → LAT-LONG] AoU: [no] transformation: [Inverse of Lambert-93 + RGF93 v1 to WGS 84 (1) + axis order change (2D)] definition: [proj=pipeline step inv proj=lcc lat_0=46.5 lon_0=3 lat_1=49 lat_2=44 x_0=700000 y_0=6600000 ellps=GRS80 step proj=unitconvert xy_in=rad xy_out=deg] accuracy: [1.000 m]
  [EPSG:2154 → UTM32] AoU: [yes] transformation: [Inverse of Lambert-93 + RGF93 v1 to WGS 84 (1) + UTM zone 32N] definition: [proj=pipeline step inv proj=lcc lat_0=46.5 lon_0=3 lat_1=49 lat_2=44 x_0=700000 y_0=6600000 ellps=GRS80 step proj=utm zone=32 ellps=WGS84] accuracy: [1.000 m]
  [EPSG:4326 → UTM32] AoU: [yes] transformation: [axis order change (2D) + UTM zone 32N] definition: [proj=pipeline step proj=unitconvert xy_in=deg xy_out=rad step proj=utm zone=32 ellps=WGS84] accuracy: [0.000 m]
########## end of CRS transformations chosen by PROJ ###########
